<?xml version="1.0" encoding="UTF-8"?>
<testng-results skipped="0" failed="0" ignored="0" total="1" passed="1">
  <reporter-output>
  </reporter-output>
  <suite name="Default suite" duration-ms="9935" started-at="2022-03-13T16:23:07Z" finished-at="2022-03-13T16:23:17Z">
    <groups>
    </groups>
    <test name="Default test" duration-ms="9935" started-at="2022-03-13T16:23:07Z" finished-at="2022-03-13T16:23:17Z">
      <class name="com.ahb.mobileautomation.runner.RestAssuredRunCukesTest">
        <test-method status="PASS" signature="setUpClass()[pri:0, instance:com.ahb.mobileautomation.runner.RestAssuredRunCukesTest@50a638b5]" name="setUpClass" is-config="true" duration-ms="252" started-at="2022-03-13T16:23:07Z" finished-at="2022-03-13T16:23:07Z">
          <reporter-output>
          </reporter-output>
        </test-method> <!-- setUpClass -->
        <test-method status="PASS" signature="feature(cucumber.api.testng.CucumberFeatureWrapper)[pri:0, instance:com.ahb.mobileautomation.runner.RestAssuredRunCukesTest@50a638b5]" name="feature" duration-ms="9004" started-at="2022-03-13T16:23:07Z" description="Runs Cucumber Feature" data-provider="features" finished-at="2022-03-13T16:23:16Z">
          <params>
            <param index="0">
              <value>
                <![CDATA[Rest API Scenarios for ReqRes scenarios]]>
              </value>
            </param>
          </params>
          <reporter-output>
          </reporter-output>
        </test-method> <!-- feature -->
        <test-method status="PASS" signature="tearDownClass()[pri:0, instance:com.ahb.mobileautomation.runner.RestAssuredRunCukesTest@50a638b5]" name="tearDownClass" is-config="true" duration-ms="529" started-at="2022-03-13T16:23:16Z" finished-at="2022-03-13T16:23:17Z">
          <reporter-output>
          </reporter-output>
        </test-method> <!-- tearDownClass -->
        <test-method status="PASS" signature="generateExtentReport()[pri:0, instance:com.ahb.mobileautomation.runner.RestAssuredRunCukesTest@50a638b5]" name="generateExtentReport" is-config="true" duration-ms="71" started-at="2022-03-13T16:23:17Z" finished-at="2022-03-13T16:23:17Z">
          <reporter-output>
          </reporter-output>
        </test-method> <!-- generateExtentReport -->
      </class> <!-- com.ahb.mobileautomation.runner.RestAssuredRunCukesTest -->
    </test> <!-- Default test -->
  </suite> <!-- Default suite -->
</testng-results>
